d:\develop\gamedev\engines\cocos2d-x\external\recast\proj.win32\release.win32\debugdraw.obj
d:\develop\gamedev\engines\cocos2d-x\external\recast\proj.win32\release.win32\detourtilecache.obj
d:\develop\gamedev\engines\cocos2d-x\external\recast\proj.win32\release.win32\detourproximitygrid.obj
d:\develop\gamedev\engines\cocos2d-x\external\recast\proj.win32\release.win32\detournavmeshbuilder.obj
d:\develop\gamedev\engines\cocos2d-x\external\recast\proj.win32\release.win32\detourpathqueue.obj
d:\develop\gamedev\engines\cocos2d-x\external\recast\proj.win32\release.win32\detouralloc.obj
d:\develop\gamedev\engines\cocos2d-x\external\recast\proj.win32\release.win32\detournavmeshquery.obj
d:\develop\gamedev\engines\cocos2d-x\external\recast\proj.win32\release.win32\detourdebugdraw.obj
d:\develop\gamedev\engines\cocos2d-x\external\recast\proj.win32\release.win32\detournavmesh.obj
d:\develop\gamedev\engines\cocos2d-x\external\recast\proj.win32\release.win32\detourlocalboundary.obj
d:\develop\gamedev\engines\cocos2d-x\external\recast\proj.win32\release.win32\detourtilecachebuilder.obj
d:\develop\gamedev\engines\cocos2d-x\external\recast\proj.win32\release.win32\detourcrowd.obj
d:\develop\gamedev\engines\cocos2d-x\external\recast\proj.win32\release.win32\detourobstacleavoidance.obj
d:\develop\gamedev\engines\cocos2d-x\external\recast\proj.win32\release.win32\detourpathcorridor.obj
d:\develop\gamedev\engines\cocos2d-x\external\recast\proj.win32\release.win32\detourcommon.obj
d:\develop\gamedev\engines\cocos2d-x\external\recast\proj.win32\release.win32\detournode.obj
d:\develop\gamedev\engines\cocos2d-x\external\recast\proj.win32\release.win32\fastlz.obj
d:\develop\gamedev\engines\cocos2d-x\build\release.win32\librecast.lib
d:\develop\gamedev\engines\cocos2d-x\external\recast\proj.win32\release.win32\librecast.tlog\cl.command.1.tlog
d:\develop\gamedev\engines\cocos2d-x\external\recast\proj.win32\release.win32\librecast.tlog\cl.read.1.tlog
d:\develop\gamedev\engines\cocos2d-x\external\recast\proj.win32\release.win32\librecast.tlog\cl.write.1.tlog
d:\develop\gamedev\engines\cocos2d-x\external\recast\proj.win32\release.win32\librecast.tlog\lib-link.read.1.tlog
d:\develop\gamedev\engines\cocos2d-x\external\recast\proj.win32\release.win32\librecast.tlog\lib-link.write.1.tlog
d:\develop\gamedev\engines\cocos2d-x\external\recast\proj.win32\release.win32\librecast.tlog\lib.command.1.tlog
