  btAxisSweep3.cpp
  btBroadphaseProxy.cpp
  btCollisionAlgorithm.cpp
  btDbvt.cpp
  btDbvtBroadphase.cpp
  btDispatcher.cpp
  btMultiSapBroadphase.cpp
  btOverlappingPairCache.cpp
  btQuantizedBvh.cpp
  btSimpleBroadphase.cpp
  SphereTriangleDetector.cpp
  btActivatingCollisionAlgorithm.cpp
  btBox2dBox2dCollisionAlgorithm.cpp
  btBoxBoxCollisionAlgorithm.cpp
  btBoxBoxDetector.cpp
  btCollisionDispatcher.cpp
  btCollisionObject.cpp
  btCollisionWorld.cpp
  btCompoundCollisionAlgorithm.cpp
  btCompoundCompoundCollisionAlgorithm.cpp
  btConvex2dConvex2dAlgorithm.cpp
  btConvexConcaveCollisionAlgorithm.cpp
  btConvexConvexAlgorithm.cpp
  btConvexPlaneCollisionAlgorithm.cpp
  btDefaultCollisionConfiguration.cpp
  btEmptyCollisionAlgorithm.cpp
  btGhostObject.cpp
  btHashedSimplePairCache.cpp
  btInternalEdgeUtility.cpp
  btManifoldResult.cpp
  btSimulationIslandManager.cpp
  btSphereBoxCollisionAlgorithm.cpp
  btSphereSphereCollisionAlgorithm.cpp
  btSphereTriangleCollisionAlgorithm.cpp
  btUnionFind.cpp
  btBox2dShape.cpp
  btBoxShape.cpp
  btBvhTriangleMeshShape.cpp
  btCapsuleShape.cpp
  btCollisionShape.cpp
  btCompoundShape.cpp
  btConcaveShape.cpp
  btConeShape.cpp
  btConvex2dShape.cpp
  btConvexHullShape.cpp
  btConvexInternalShape.cpp
  btConvexPointCloudShape.cpp
  btConvexPolyhedron.cpp
  btConvexShape.cpp
  btConvexTriangleMeshShape.cpp
  btCylinderShape.cpp
  btEmptyShape.cpp
  btHeightfieldTerrainShape.cpp
  btMinkowskiSumShape.cpp
  btMultiSphereShape.cpp
  btMultimaterialTriangleMeshShape.cpp
  btOptimizedBvh.cpp
  btPolyhedralConvexShape.cpp
  btScaledBvhTriangleMeshShape.cpp
  btShapeHull.cpp
  btSphereShape.cpp
  btStaticPlaneShape.cpp
  btStridingMeshInterface.cpp
  btTetrahedronShape.cpp
  btTriangleBuffer.cpp
  btTriangleCallback.cpp
  btTriangleIndexVertexArray.cpp
  btTriangleIndexVertexMaterialArray.cpp
  btTriangleMesh.cpp
  btTriangleMeshShape.cpp
  btUniformScalingShape.cpp
  btContactProcessing.cpp
  btGImpactBvh.cpp
  btGImpactCollisionAlgorithm.cpp
  btGImpactQuantizedBvh.cpp
  btGImpactShape.cpp
  btGenericPoolAllocator.cpp
  btTriangleShapeEx.cpp
  gim_box_set.cpp
  gim_contact.cpp
  gim_memory.cpp
  gim_tri_collision.cpp
  btContinuousConvexCollision.cpp
  btConvexCast.cpp
  btGjkConvexCast.cpp
  btGjkEpa2.cpp
  btGjkEpaPenetrationDepthSolver.cpp
  btGjkPairDetector.cpp
  btMinkowskiPenetrationDepthSolver.cpp
  btPersistentManifold.cpp
  btPolyhedralContactClipping.cpp
  btRaycastCallback.cpp
  btSubSimplexConvexCast.cpp
  btVoronoiSimplexSolver.cpp
  btKinematicCharacterController.cpp
  btConeTwistConstraint.cpp
  btContactConstraint.cpp
  btFixedConstraint.cpp
..\BulletDynamics\ConstraintSolver\btConeTwistConstraint.cpp(866): warning C4244: '=': conversion from 'double' to 'btScalar', possible loss of data
..\BulletDynamics\ConstraintSolver\btConeTwistConstraint.cpp(911): warning C4244: '=': conversion from 'double' to 'float', possible loss of data
..\BulletDynamics\ConstraintSolver\btConeTwistConstraint.cpp(971): warning C4244: '=': conversion from 'double' to 'btScalar', possible loss of data
..\BulletDynamics\ConstraintSolver\btConeTwistConstraint.cpp(973): warning C4244: '=': conversion from 'double' to 'btScalar', possible loss of data
..\BulletDynamics\Character\btKinematicCharacterController.cpp(137): warning C4305: '=': truncation from 'double' to 'btScalar'
..\BulletDynamics\Character\btKinematicCharacterController.cpp(148): warning C4305: '=': truncation from 'double' to 'btScalar'
  btGearConstraint.cpp
d:\develop\gamedev\engines\cocos2d-x\external\bullet\bulletdynamics\constraintsolver\btContactConstraint.h(25): warning C4359: 'btContactConstraint': Alignment specifier is less than actual alignment (128), and will be ignored. (compiling source file ..\BulletDynamics\ConstraintSolver\btContactConstraint.cpp)
  btGeneric6DofConstraint.cpp
  btGeneric6DofSpringConstraint.cpp
  btHinge2Constraint.cpp
  btHingeConstraint.cpp
  btPoint2PointConstraint.cpp
  btSequentialImpulseConstraintSolver.cpp
  btSliderConstraint.cpp
  btSolve2LinearConstraint.cpp
  btTypedConstraint.cpp
  btUniversalConstraint.cpp
  Bullet-C-API.cpp
  btDiscreteDynamicsWorld.cpp
  btRigidBody.cpp
  btSimpleDynamicsWorld.cpp
  btMultiBody.cpp
  btMultiBodyConstraint.cpp
../../bullet/BulletDynamics/ConstraintSolver/btContactConstraint.h(25): warning C4359: 'btContactConstraint': Alignment specifier is less than actual alignment (128), and will be ignored. (compiling source file ..\BulletDynamics\Dynamics\btDiscreteDynamicsWorld.cpp)
  btMultiBodyConstraintSolver.cpp
  btMultiBodyDynamicsWorld.cpp
  btMultiBodyJointLimitConstraint.cpp
  btMultiBodyJointMotor.cpp
  btMultiBodyPoint2Point.cpp
  btDantzigLCP.cpp
  btMLCPSolver.cpp
  btRaycastVehicle.cpp
  btWheelInfo.cpp
  PosixThreadSupport.cpp
../../bullet/BulletDynamics/ConstraintSolver/btContactConstraint.h(25): warning C4359: 'btContactConstraint': Alignment specifier is less than actual alignment (128), and will be ignored. (compiling source file ..\BulletDynamics\Vehicle\btRaycastVehicle.cpp)
  SequentialThreadSupport.cpp
  SpuCollisionObjectWrapper.cpp
  SpuCollisionTaskProcess.cpp
  SpuContactManifoldCollisionAlgorithm.cpp
  SpuFakeDma.cpp
  SpuGatheringCollisionDispatcher.cpp
..\BulletMultiThreaded\SequentialThreadSupport.cpp(180): warning C4316: 'btDummyCriticalSection': object allocated on the heap may not be aligned 16
  SpuCollisionShapes.cpp
  SpuContactResult.cpp
  SpuGatheringCollisionTask.cpp
  SpuMinkowskiPenetrationDepthSolver.cpp
  boxBoxDistance.cpp
  SpuSampleTaskProcess.cpp
  SpuSampleTask.cpp
  Win32ThreadSupport.cpp
..\BulletMultiThreaded\SpuNarrowPhaseCollisionTask\SpuGatheringCollisionTask.cpp(130): warning C4359: 'CollisionTask_LocalStoreMemory': Alignment specifier is less than actual alignment (128), and will be ignored.
  btGpu3DGridBroadphase.cpp
  btParallelConstraintSolver.cpp
  btThreadSupportInterface.cpp
..\BulletMultiThreaded\SpuSampleTask\SpuSampleTask.cpp(226): warning C4316: 'SampleTask_LocalStoreMemory': object allocated on the heap may not be aligned 16
  btAlignedAllocator.cpp
  btConvexHull.cpp
  btConvexHullComputer.cpp
  btGeometryUtil.cpp
..\BulletMultiThreaded\btParallelConstraintSolver.cpp(1141): warning C4316: 'btConstraintSolverIO': object allocated on the heap may not be aligned 16
..\BulletMultiThreaded\btParallelConstraintSolver.cpp(1484): warning C4305: 'initializing': truncation from 'double' to 'float'
..\BulletMultiThreaded\Win32ThreadSupport.cpp(253): warning C4996: 'sprintf': This function or variable may be unsafe. Consider using sprintf_s instead. To disable deprecation, use _CRT_SECURE_NO_WARNINGS. See online help for details.
  C:\Program Files (x86)\Windows Kits\10\Include\10.0.14393.0\ucrt\stdio.h(1769): note: see declaration of 'sprintf'
..\BulletMultiThreaded\Win32ThreadSupport.cpp(262): warning C4996: 'sprintf': This function or variable may be unsafe. Consider using sprintf_s instead. To disable deprecation, use _CRT_SECURE_NO_WARNINGS. See online help for details.
  C:\Program Files (x86)\Windows Kits\10\Include\10.0.14393.0\ucrt\stdio.h(1769): note: see declaration of 'sprintf'
  btPolarDecomposition.cpp
  btQuickprof.cpp
  btVector3.cpp
  MiniCL.cpp
  MiniCLTaskScheduler.cpp
  MiniCLTask.cpp
..\MiniCL\MiniCL.cpp(83): warning C4996: 'strcpy': This function or variable may be unsafe. Consider using strcpy_s instead. To disable deprecation, use _CRT_SECURE_NO_WARNINGS. See online help for details.
  C:\Program Files (x86)\Windows Kits\10\Include\10.0.14393.0\ucrt\string.h(129): note: see declaration of 'strcpy'
..\MiniCL\MiniCL.cpp(96): warning C4996: 'strcpy': This function or variable may be unsafe. Consider using strcpy_s instead. To disable deprecation, use _CRT_SECURE_NO_WARNINGS. See online help for details.
  C:\Program Files (x86)\Windows Kits\10\Include\10.0.14393.0\ucrt\string.h(129): note: see declaration of 'strcpy'
..\MiniCL\MiniCL.cpp(194): warning C4996: 'strcpy': This function or variable may be unsafe. Consider using strcpy_s instead. To disable deprecation, use _CRT_SECURE_NO_WARNINGS. See online help for details.
  C:\Program Files (x86)\Windows Kits\10\Include\10.0.14393.0\ucrt\string.h(129): note: see declaration of 'strcpy'
..\MiniCL\MiniCL.cpp(207): warning C4996: 'strcpy': This function or variable may be unsafe. Consider using strcpy_s instead. To disable deprecation, use _CRT_SECURE_NO_WARNINGS. See online help for details.
  C:\Program Files (x86)\Windows Kits\10\Include\10.0.14393.0\ucrt\string.h(129): note: see declaration of 'strcpy'
..\MiniCL\MiniCL.cpp(129): warning C4996: 'sprintf': This function or variable may be unsafe. Consider using sprintf_s instead. To disable deprecation, use _CRT_SECURE_NO_WARNINGS. See online help for details.
  C:\Program Files (x86)\Windows Kits\10\Include\10.0.14393.0\ucrt\stdio.h(1769): note: see declaration of 'sprintf'
..\MiniCL\MiniCL.cpp(166): warning C4101: 'workitem_size': unreferenced local variable
..\MiniCL\MiniCL.cpp(547): warning C4996: 'strcpy': This function or variable may be unsafe. Consider using strcpy_s instead. To disable deprecation, use _CRT_SECURE_NO_WARNINGS. See online help for details.
  C:\Program Files (x86)\Windows Kits\10\Include\10.0.14393.0\ucrt\string.h(129): note: see declaration of 'strcpy'
..\MiniCL\MiniCL.cpp(640): warning C4996: 'sprintf': This function or variable may be unsafe. Consider using sprintf_s instead. To disable deprecation, use _CRT_SECURE_NO_WARNINGS. See online help for details.
  C:\Program Files (x86)\Windows Kits\10\Include\10.0.14393.0\ucrt\stdio.h(1769): note: see declaration of 'sprintf'
  libbullet.vcxproj -> D:\develop\gamedev\engines\cocos2d-x\build\Release.win32\libbullet.lib
