d:\develop\gamedev\engines\cocos2d-x\external\bullet\proj.win32\release.win32\btbroadphaseproxy.obj
d:\develop\gamedev\engines\cocos2d-x\external\bullet\proj.win32\release.win32\btdispatcher.obj
d:\develop\gamedev\engines\cocos2d-x\external\bullet\proj.win32\release.win32\btbox2dbox2dcollisionalgorithm.obj
d:\develop\gamedev\engines\cocos2d-x\external\bullet\proj.win32\release.win32\btcompoundcompoundcollisionalgorithm.obj
d:\develop\gamedev\engines\cocos2d-x\external\bullet\proj.win32\release.win32\btsphereboxcollisionalgorithm.obj
d:\develop\gamedev\engines\cocos2d-x\external\bullet\proj.win32\release.win32\btboxshape.obj
d:\develop\gamedev\engines\cocos2d-x\external\bullet\proj.win32\release.win32\btconeshape.obj
d:\develop\gamedev\engines\cocos2d-x\external\bullet\proj.win32\release.win32\btconvexpolyhedron.obj
d:\develop\gamedev\engines\cocos2d-x\external\bullet\proj.win32\release.win32\btoptimizedbvh.obj
d:\develop\gamedev\engines\cocos2d-x\external\bullet\proj.win32\release.win32\bttriangleindexvertexmaterialarray.obj
d:\develop\gamedev\engines\cocos2d-x\external\bullet\proj.win32\release.win32\btgenericpoolallocator.obj
d:\develop\gamedev\engines\cocos2d-x\external\bullet\proj.win32\release.win32\gim_box_set.obj
d:\develop\gamedev\engines\cocos2d-x\external\bullet\proj.win32\release.win32\gim_tri_collision.obj
d:\develop\gamedev\engines\cocos2d-x\external\bullet\proj.win32\release.win32\btsimpledynamicsworld.obj
d:\develop\gamedev\engines\cocos2d-x\external\bullet\proj.win32\release.win32\btmultibodyjointmotor.obj
d:\develop\gamedev\engines\cocos2d-x\external\bullet\proj.win32\release.win32\btwheelinfo.obj
d:\develop\gamedev\engines\cocos2d-x\external\bullet\proj.win32\release.win32\btthreadsupportinterface.obj
d:\develop\gamedev\engines\cocos2d-x\external\bullet\proj.win32\release.win32\spucontactmanifoldcollisionalgorithm.obj
d:\develop\gamedev\engines\cocos2d-x\external\bullet\proj.win32\release.win32\boxboxdistance.obj
d:\develop\gamedev\engines\cocos2d-x\external\bullet\proj.win32\release.win32\btquantizedbvh.obj
d:\develop\gamedev\engines\cocos2d-x\external\bullet\proj.win32\release.win32\btconvexconcavecollisionalgorithm.obj
d:\develop\gamedev\engines\cocos2d-x\external\bullet\proj.win32\release.win32\bthashedsimplepaircache.obj
d:\develop\gamedev\engines\cocos2d-x\external\bullet\proj.win32\release.win32\btspheretrianglecollisionalgorithm.obj
d:\develop\gamedev\engines\cocos2d-x\external\bullet\proj.win32\release.win32\btconcaveshape.obj
d:\develop\gamedev\engines\cocos2d-x\external\bullet\proj.win32\release.win32\btconvextrianglemeshshape.obj
d:\develop\gamedev\engines\cocos2d-x\external\bullet\proj.win32\release.win32\btmultisphereshape.obj
d:\develop\gamedev\engines\cocos2d-x\external\bullet\proj.win32\release.win32\bttrianglebuffer.obj
d:\develop\gamedev\engines\cocos2d-x\external\bullet\proj.win32\release.win32\btuniformscalingshape.obj
d:\develop\gamedev\engines\cocos2d-x\external\bullet\proj.win32\release.win32\bttriangleshapeex.obj
d:\develop\gamedev\engines\cocos2d-x\external\bullet\proj.win32\release.win32\btgjkepa2.obj
d:\develop\gamedev\engines\cocos2d-x\external\bullet\proj.win32\release.win32\btvoronoisimplexsolver.obj
d:\develop\gamedev\engines\cocos2d-x\external\bullet\proj.win32\release.win32\btcontactconstraint.obj
d:\develop\gamedev\engines\cocos2d-x\external\bullet\proj.win32\release.win32\btpoint2pointconstraint.obj
d:\develop\gamedev\engines\cocos2d-x\external\bullet\proj.win32\release.win32\btuniversalconstraint.obj
d:\develop\gamedev\engines\cocos2d-x\external\bullet\proj.win32\release.win32\btmultibodyconstraint.obj
d:\develop\gamedev\engines\cocos2d-x\external\bullet\proj.win32\release.win32\btmultibodypoint2point.obj
d:\develop\gamedev\engines\cocos2d-x\external\bullet\proj.win32\release.win32\btgpu3dgridbroadphase.obj
d:\develop\gamedev\engines\cocos2d-x\external\bullet\proj.win32\release.win32\spucollisionobjectwrapper.obj
d:\develop\gamedev\engines\cocos2d-x\external\bullet\proj.win32\release.win32\spulibspe2support.obj
d:\develop\gamedev\engines\cocos2d-x\external\bullet\proj.win32\release.win32\spucontactresult.obj
d:\develop\gamedev\engines\cocos2d-x\external\bullet\proj.win32\release.win32\spusampletask.obj
d:\develop\gamedev\engines\cocos2d-x\external\bullet\proj.win32\release.win32\btpolardecomposition.obj
d:\develop\gamedev\engines\cocos2d-x\external\bullet\proj.win32\release.win32\minicltaskscheduler.obj
d:\develop\gamedev\engines\cocos2d-x\external\bullet\proj.win32\release.win32\btdbvtbroadphase.obj
d:\develop\gamedev\engines\cocos2d-x\external\bullet\proj.win32\release.win32\btactivatingcollisionalgorithm.obj
d:\develop\gamedev\engines\cocos2d-x\external\bullet\proj.win32\release.win32\btcollisionobject.obj
d:\develop\gamedev\engines\cocos2d-x\external\bullet\proj.win32\release.win32\btconvexplanecollisionalgorithm.obj
d:\develop\gamedev\engines\cocos2d-x\external\bullet\proj.win32\release.win32\btspherespherecollisionalgorithm.obj
d:\develop\gamedev\engines\cocos2d-x\external\bullet\proj.win32\release.win32\btbvhtrianglemeshshape.obj
d:\develop\gamedev\engines\cocos2d-x\external\bullet\proj.win32\release.win32\btconvexinternalshape.obj
d:\develop\gamedev\engines\cocos2d-x\external\bullet\proj.win32\release.win32\btheightfieldterrainshape.obj
d:\develop\gamedev\engines\cocos2d-x\external\bullet\proj.win32\release.win32\btpolyhedralconvexshape.obj
d:\develop\gamedev\engines\cocos2d-x\external\bullet\proj.win32\release.win32\btgimpactshape.obj
d:\develop\gamedev\engines\cocos2d-x\external\bullet\proj.win32\release.win32\btgjkconvexcast.obj
d:\develop\gamedev\engines\cocos2d-x\external\bullet\proj.win32\release.win32\btraycastcallback.obj
d:\develop\gamedev\engines\cocos2d-x\external\bullet\proj.win32\release.win32\btfixedconstraint.obj
d:\develop\gamedev\engines\cocos2d-x\external\bullet\proj.win32\release.win32\btsequentialimpulseconstraintsolver.obj
d:\develop\gamedev\engines\cocos2d-x\external\bullet\proj.win32\release.win32\btmultibodyjointlimitconstraint.obj
d:\develop\gamedev\engines\cocos2d-x\external\bullet\proj.win32\release.win32\btmlcpsolver.obj
d:\develop\gamedev\engines\cocos2d-x\external\bullet\proj.win32\release.win32\spugatheringcollisiondispatcher.obj
d:\develop\gamedev\engines\cocos2d-x\external\bullet\proj.win32\release.win32\spusampletaskprocess.obj
d:\develop\gamedev\engines\cocos2d-x\external\bullet\proj.win32\release.win32\btgeometryutil.obj
d:\develop\gamedev\engines\cocos2d-x\external\bullet\proj.win32\release.win32\btquickprof.obj
d:\develop\gamedev\engines\cocos2d-x\external\bullet\proj.win32\release.win32\minicltask.obj
d:\develop\gamedev\engines\cocos2d-x\external\bullet\proj.win32\release.win32\btaxissweep3.obj
d:\develop\gamedev\engines\cocos2d-x\external\bullet\proj.win32\release.win32\btboxboxcollisionalgorithm.obj
d:\develop\gamedev\engines\cocos2d-x\external\bullet\proj.win32\release.win32\btconvex2dconvex2dalgorithm.obj
d:\develop\gamedev\engines\cocos2d-x\external\bullet\proj.win32\release.win32\btemptycollisionalgorithm.obj
d:\develop\gamedev\engines\cocos2d-x\external\bullet\proj.win32\release.win32\btmanifoldresult.obj
d:\develop\gamedev\engines\cocos2d-x\external\bullet\proj.win32\release.win32\btcollisionshape.obj
d:\develop\gamedev\engines\cocos2d-x\external\bullet\proj.win32\release.win32\btconvexpointcloudshape.obj
d:\develop\gamedev\engines\cocos2d-x\external\bullet\proj.win32\release.win32\btminkowskisumshape.obj
d:\develop\gamedev\engines\cocos2d-x\external\bullet\proj.win32\release.win32\btstaticplaneshape.obj
d:\develop\gamedev\engines\cocos2d-x\external\bullet\proj.win32\release.win32\bttriangleindexvertexarray.obj
d:\develop\gamedev\engines\cocos2d-x\external\bullet\proj.win32\release.win32\btgimpactbvh.obj
d:\develop\gamedev\engines\cocos2d-x\external\bullet\proj.win32\release.win32\btgjkepapenetrationdepthsolver.obj
d:\develop\gamedev\engines\cocos2d-x\external\bullet\proj.win32\release.win32\btpersistentmanifold.obj
d:\develop\gamedev\engines\cocos2d-x\external\bullet\proj.win32\release.win32\btconetwistconstraint.obj
d:\develop\gamedev\engines\cocos2d-x\external\bullet\proj.win32\release.win32\btmultibodyconstraintsolver.obj
d:\develop\gamedev\engines\cocos2d-x\external\bullet\proj.win32\release.win32\btdantziglcp.obj
d:\develop\gamedev\engines\cocos2d-x\external\bullet\proj.win32\release.win32\sequentialthreadsupport.obj
d:\develop\gamedev\engines\cocos2d-x\external\bullet\proj.win32\release.win32\spucollisionshapes.obj
d:\develop\gamedev\engines\cocos2d-x\external\bullet\proj.win32\release.win32\btalignedallocator.obj
d:\develop\gamedev\engines\cocos2d-x\external\bullet\proj.win32\release.win32\btconvexhull.obj
d:\develop\gamedev\engines\cocos2d-x\external\bullet\proj.win32\release.win32\minicl.obj
d:\develop\gamedev\engines\cocos2d-x\external\bullet\proj.win32\release.win32\btmultisapbroadphase.obj
d:\develop\gamedev\engines\cocos2d-x\external\bullet\proj.win32\release.win32\btcompoundcollisionalgorithm.obj
d:\develop\gamedev\engines\cocos2d-x\external\bullet\proj.win32\release.win32\btghostobject.obj
d:\develop\gamedev\engines\cocos2d-x\external\bullet\proj.win32\release.win32\btunionfind.obj
d:\develop\gamedev\engines\cocos2d-x\external\bullet\proj.win32\release.win32\btbox2dshape.obj
d:\develop\gamedev\engines\cocos2d-x\external\bullet\proj.win32\release.win32\btconvex2dshape.obj
d:\develop\gamedev\engines\cocos2d-x\external\bullet\proj.win32\release.win32\btcylindershape.obj
d:\develop\gamedev\engines\cocos2d-x\external\bullet\proj.win32\release.win32\btsphereshape.obj
d:\develop\gamedev\engines\cocos2d-x\external\bullet\proj.win32\release.win32\bttetrahedronshape.obj
d:\develop\gamedev\engines\cocos2d-x\external\bullet\proj.win32\release.win32\btcontactprocessing.obj
d:\develop\gamedev\engines\cocos2d-x\external\bullet\proj.win32\release.win32\gim_memory.obj
d:\develop\gamedev\engines\cocos2d-x\external\bullet\proj.win32\release.win32\btcontinuousconvexcollision.obj
d:\develop\gamedev\engines\cocos2d-x\external\bullet\proj.win32\release.win32\btsubsimplexconvexcast.obj
d:\develop\gamedev\engines\cocos2d-x\external\bullet\proj.win32\release.win32\btgeneric6dofconstraint.obj
d:\develop\gamedev\engines\cocos2d-x\external\bullet\proj.win32\release.win32\btsolve2linearconstraint.obj
d:\develop\gamedev\engines\cocos2d-x\external\bullet\proj.win32\release.win32\btmultibody.obj
d:\develop\gamedev\engines\cocos2d-x\external\bullet\proj.win32\release.win32\btoverlappingpaircache.obj
d:\develop\gamedev\engines\cocos2d-x\external\bullet\proj.win32\release.win32\btcollisionworld.obj
d:\develop\gamedev\engines\cocos2d-x\external\bullet\proj.win32\release.win32\btsimulationislandmanager.obj
d:\develop\gamedev\engines\cocos2d-x\external\bullet\proj.win32\release.win32\btcapsuleshape.obj
d:\develop\gamedev\engines\cocos2d-x\external\bullet\proj.win32\release.win32\btconvexhullshape.obj
d:\develop\gamedev\engines\cocos2d-x\external\bullet\proj.win32\release.win32\btmultimaterialtrianglemeshshape.obj
d:\develop\gamedev\engines\cocos2d-x\external\bullet\proj.win32\release.win32\btstridingmeshinterface.obj
d:\develop\gamedev\engines\cocos2d-x\external\bullet\proj.win32\release.win32\btgimpactquantizedbvh.obj
d:\develop\gamedev\engines\cocos2d-x\external\bullet\proj.win32\release.win32\btpolyhedralcontactclipping.obj
d:\develop\gamedev\engines\cocos2d-x\external\bullet\proj.win32\release.win32\btgearconstraint.obj
d:\develop\gamedev\engines\cocos2d-x\external\bullet\proj.win32\release.win32\bthingeconstraint.obj
d:\develop\gamedev\engines\cocos2d-x\external\bullet\proj.win32\release.win32\btdiscretedynamicsworld.obj
d:\develop\gamedev\engines\cocos2d-x\external\bullet\proj.win32\release.win32\btparallelconstraintsolver.obj
d:\develop\gamedev\engines\cocos2d-x\external\bullet\proj.win32\release.win32\win32threadsupport.obj
d:\develop\gamedev\engines\cocos2d-x\external\bullet\proj.win32\release.win32\btdbvt.obj
d:\develop\gamedev\engines\cocos2d-x\external\bullet\proj.win32\release.win32\btboxboxdetector.obj
d:\develop\gamedev\engines\cocos2d-x\external\bullet\proj.win32\release.win32\btdefaultcollisionconfiguration.obj
d:\develop\gamedev\engines\cocos2d-x\external\bullet\proj.win32\release.win32\btinternaledgeutility.obj
d:\develop\gamedev\engines\cocos2d-x\external\bullet\proj.win32\release.win32\btconvexshape.obj
d:\develop\gamedev\engines\cocos2d-x\external\bullet\proj.win32\release.win32\btscaledbvhtrianglemeshshape.obj
d:\develop\gamedev\engines\cocos2d-x\external\bullet\proj.win32\release.win32\bttrianglecallback.obj
d:\develop\gamedev\engines\cocos2d-x\external\bullet\proj.win32\release.win32\bttrianglemesh.obj
d:\develop\gamedev\engines\cocos2d-x\external\bullet\proj.win32\release.win32\gim_contact.obj
d:\develop\gamedev\engines\cocos2d-x\external\bullet\proj.win32\release.win32\btconvexcast.obj
d:\develop\gamedev\engines\cocos2d-x\external\bullet\proj.win32\release.win32\btminkowskipenetrationdepthsolver.obj
d:\develop\gamedev\engines\cocos2d-x\external\bullet\proj.win32\release.win32\btgeneric6dofspringconstraint.obj
d:\develop\gamedev\engines\cocos2d-x\external\bullet\proj.win32\release.win32\btsliderconstraint.obj
d:\develop\gamedev\engines\cocos2d-x\external\bullet\proj.win32\release.win32\bullet-c-api.obj
d:\develop\gamedev\engines\cocos2d-x\external\bullet\proj.win32\release.win32\btraycastvehicle.obj
d:\develop\gamedev\engines\cocos2d-x\external\bullet\proj.win32\release.win32\spufakedma.obj
d:\develop\gamedev\engines\cocos2d-x\external\bullet\proj.win32\release.win32\spugatheringcollisiontask.obj
d:\develop\gamedev\engines\cocos2d-x\external\bullet\proj.win32\release.win32\btserializer.obj
d:\develop\gamedev\engines\cocos2d-x\external\bullet\proj.win32\release.win32\btvector3.obj
d:\develop\gamedev\engines\cocos2d-x\external\bullet\proj.win32\release.win32\btcollisionalgorithm.obj
d:\develop\gamedev\engines\cocos2d-x\external\bullet\proj.win32\release.win32\btsimplebroadphase.obj
d:\develop\gamedev\engines\cocos2d-x\external\bullet\proj.win32\release.win32\btcollisiondispatcher.obj
d:\develop\gamedev\engines\cocos2d-x\external\bullet\proj.win32\release.win32\btconvexconvexalgorithm.obj
d:\develop\gamedev\engines\cocos2d-x\external\bullet\proj.win32\release.win32\spheretriangledetector.obj
d:\develop\gamedev\engines\cocos2d-x\external\bullet\proj.win32\release.win32\btcompoundshape.obj
d:\develop\gamedev\engines\cocos2d-x\external\bullet\proj.win32\release.win32\btemptyshape.obj
d:\develop\gamedev\engines\cocos2d-x\external\bullet\proj.win32\release.win32\btshapehull.obj
d:\develop\gamedev\engines\cocos2d-x\external\bullet\proj.win32\release.win32\bttrianglemeshshape.obj
d:\develop\gamedev\engines\cocos2d-x\external\bullet\proj.win32\release.win32\btgimpactcollisionalgorithm.obj
d:\develop\gamedev\engines\cocos2d-x\external\bullet\proj.win32\release.win32\btgjkpairdetector.obj
d:\develop\gamedev\engines\cocos2d-x\external\bullet\proj.win32\release.win32\btkinematiccharactercontroller.obj
d:\develop\gamedev\engines\cocos2d-x\external\bullet\proj.win32\release.win32\bthinge2constraint.obj
d:\develop\gamedev\engines\cocos2d-x\external\bullet\proj.win32\release.win32\bttypedconstraint.obj
d:\develop\gamedev\engines\cocos2d-x\external\bullet\proj.win32\release.win32\btrigidbody.obj
d:\develop\gamedev\engines\cocos2d-x\external\bullet\proj.win32\release.win32\btmultibodydynamicsworld.obj
d:\develop\gamedev\engines\cocos2d-x\external\bullet\proj.win32\release.win32\posixthreadsupport.obj
d:\develop\gamedev\engines\cocos2d-x\external\bullet\proj.win32\release.win32\spucollisiontaskprocess.obj
d:\develop\gamedev\engines\cocos2d-x\external\bullet\proj.win32\release.win32\spuminkowskipenetrationdepthsolver.obj
d:\develop\gamedev\engines\cocos2d-x\external\bullet\proj.win32\release.win32\btconvexhullcomputer.obj
d:\develop\gamedev\engines\cocos2d-x\build\release.win32\libbullet.lib
d:\develop\gamedev\engines\cocos2d-x\external\bullet\proj.win32\release.win32\libbullet.tlog\cl.command.1.tlog
d:\develop\gamedev\engines\cocos2d-x\external\bullet\proj.win32\release.win32\libbullet.tlog\cl.read.1.tlog
d:\develop\gamedev\engines\cocos2d-x\external\bullet\proj.win32\release.win32\libbullet.tlog\cl.write.1.tlog
d:\develop\gamedev\engines\cocos2d-x\external\bullet\proj.win32\release.win32\libbullet.tlog\lib-link.read.1.tlog
d:\develop\gamedev\engines\cocos2d-x\external\bullet\proj.win32\release.win32\libbullet.tlog\lib-link.write.1.tlog
d:\develop\gamedev\engines\cocos2d-x\external\bullet\proj.win32\release.win32\libbullet.tlog\lib.command.1.tlog
