d:\develop\gamedev\engines\cocos2d-x\external\box2d\proj.win32\release.win32\b2dynamictree.obj
d:\develop\gamedev\engines\cocos2d-x\external\box2d\proj.win32\release.win32\b2blockallocator.obj
d:\develop\gamedev\engines\cocos2d-x\external\box2d\proj.win32\release.win32\b2contactmanager.obj
d:\develop\gamedev\engines\cocos2d-x\external\box2d\proj.win32\release.win32\b2polygoncontact.obj
d:\develop\gamedev\engines\cocos2d-x\external\box2d\proj.win32\release.win32\b2joint.obj
d:\develop\gamedev\engines\cocos2d-x\external\box2d\proj.win32\release.win32\b2wheeljoint.obj
d:\develop\gamedev\engines\cocos2d-x\external\box2d\proj.win32\release.win32\b2collidecircle.obj
d:\develop\gamedev\engines\cocos2d-x\external\box2d\proj.win32\release.win32\b2edgeshape.obj
d:\develop\gamedev\engines\cocos2d-x\external\box2d\proj.win32\release.win32\b2stackallocator.obj
d:\develop\gamedev\engines\cocos2d-x\external\box2d\proj.win32\release.win32\b2chainandcirclecontact.obj
d:\develop\gamedev\engines\cocos2d-x\external\box2d\proj.win32\release.win32\b2contact.obj
d:\develop\gamedev\engines\cocos2d-x\external\box2d\proj.win32\release.win32\b2mousejoint.obj
d:\develop\gamedev\engines\cocos2d-x\external\box2d\proj.win32\release.win32\b2broadphase.obj
d:\develop\gamedev\engines\cocos2d-x\external\box2d\proj.win32\release.win32\b2draw.obj
d:\develop\gamedev\engines\cocos2d-x\external\box2d\proj.win32\release.win32\b2timer.obj
d:\develop\gamedev\engines\cocos2d-x\external\box2d\proj.win32\release.win32\b2chainandpolygoncontact.obj
d:\develop\gamedev\engines\cocos2d-x\external\box2d\proj.win32\release.win32\b2polygonandcirclecontact.obj
d:\develop\gamedev\engines\cocos2d-x\external\box2d\proj.win32\release.win32\b2prismaticjoint.obj
d:\develop\gamedev\engines\cocos2d-x\external\box2d\proj.win32\release.win32\b2distance.obj
d:\develop\gamedev\engines\cocos2d-x\external\box2d\proj.win32\release.win32\b2circleshape.obj
d:\develop\gamedev\engines\cocos2d-x\external\box2d\proj.win32\release.win32\b2island.obj
d:\develop\gamedev\engines\cocos2d-x\external\box2d\proj.win32\release.win32\b2edgeandcirclecontact.obj
d:\develop\gamedev\engines\cocos2d-x\external\box2d\proj.win32\release.win32\b2frictionjoint.obj
d:\develop\gamedev\engines\cocos2d-x\external\box2d\proj.win32\release.win32\b2weldjoint.obj
d:\develop\gamedev\engines\cocos2d-x\external\box2d\proj.win32\release.win32\b2timeofimpact.obj
d:\develop\gamedev\engines\cocos2d-x\external\box2d\proj.win32\release.win32\b2settings.obj
d:\develop\gamedev\engines\cocos2d-x\external\box2d\proj.win32\release.win32\b2world.obj
d:\develop\gamedev\engines\cocos2d-x\external\box2d\proj.win32\release.win32\b2distancejoint.obj
d:\develop\gamedev\engines\cocos2d-x\external\box2d\proj.win32\release.win32\b2revolutejoint.obj
d:\develop\gamedev\engines\cocos2d-x\external\box2d\proj.win32\release.win32\b2collision.obj
d:\develop\gamedev\engines\cocos2d-x\external\box2d\proj.win32\release.win32\b2polygonshape.obj
d:\develop\gamedev\engines\cocos2d-x\external\box2d\proj.win32\release.win32\b2fixture.obj
d:\develop\gamedev\engines\cocos2d-x\external\box2d\proj.win32\release.win32\b2edgeandpolygoncontact.obj
d:\develop\gamedev\engines\cocos2d-x\external\box2d\proj.win32\release.win32\b2motorjoint.obj
d:\develop\gamedev\engines\cocos2d-x\external\box2d\proj.win32\release.win32\b2ropejoint.obj
d:\develop\gamedev\engines\cocos2d-x\external\box2d\proj.win32\release.win32\b2collideedge.obj
d:\develop\gamedev\engines\cocos2d-x\external\box2d\proj.win32\release.win32\b2math.obj
d:\develop\gamedev\engines\cocos2d-x\external\box2d\proj.win32\release.win32\b2worldcallbacks.obj
d:\develop\gamedev\engines\cocos2d-x\external\box2d\proj.win32\release.win32\b2circlecontact.obj
d:\develop\gamedev\engines\cocos2d-x\external\box2d\proj.win32\release.win32\b2gearjoint.obj
d:\develop\gamedev\engines\cocos2d-x\external\box2d\proj.win32\release.win32\b2rope.obj
d:\develop\gamedev\engines\cocos2d-x\external\box2d\proj.win32\release.win32\b2collidepolygon.obj
d:\develop\gamedev\engines\cocos2d-x\external\box2d\proj.win32\release.win32\b2chainshape.obj
d:\develop\gamedev\engines\cocos2d-x\external\box2d\proj.win32\release.win32\b2body.obj
d:\develop\gamedev\engines\cocos2d-x\external\box2d\proj.win32\release.win32\b2contactsolver.obj
d:\develop\gamedev\engines\cocos2d-x\external\box2d\proj.win32\release.win32\b2pulleyjoint.obj
d:\develop\gamedev\engines\cocos2d-x\build\release.win32\libbox2d.lib
d:\develop\gamedev\engines\cocos2d-x\external\box2d\proj.win32\release.win32\libbox2d.tlog\cl.command.1.tlog
d:\develop\gamedev\engines\cocos2d-x\external\box2d\proj.win32\release.win32\libbox2d.tlog\cl.read.1.tlog
d:\develop\gamedev\engines\cocos2d-x\external\box2d\proj.win32\release.win32\libbox2d.tlog\cl.write.1.tlog
d:\develop\gamedev\engines\cocos2d-x\external\box2d\proj.win32\release.win32\libbox2d.tlog\lib-link.read.1.tlog
d:\develop\gamedev\engines\cocos2d-x\external\box2d\proj.win32\release.win32\libbox2d.tlog\lib-link.write.1.tlog
d:\develop\gamedev\engines\cocos2d-x\external\box2d\proj.win32\release.win32\libbox2d.tlog\lib.command.1.tlog
